<?xml version="1.0" encoding="UTF-8"?>
<!-- Generated by org.testng.reporters.JUnitReportReporter -->
<testsuite skipped="1" hostname="nirmala" name="TestInterview.TestInterview" tests="2" failures="0" timestamp="03 Jun 2020 18:50:36 GMT" time="4.441" errors="1">
  <testcase name="signIn" time="0.000" classname="TestInterview.TestInterview">
    <skipped/>
  </testcase> <!-- signIn -->
  <testcase name="beforeMethod" time="4.441" classname="TestInterview.TestInterview">
    <error type="org.openqa.selenium.SessionNotCreatedException" message="session not created: This version of ChromeDriver only supports Chrome version 84
Build info: version: &#039;3.141.59&#039;, revision: &#039;e82be7d358&#039;, time: &#039;2018-11-14T08:25:48&#039;
System info: host: &#039;NIRMALA&#039;, ip: &#039;192.168.43.196&#039;, os.name: &#039;Windows 8.1&#039;, os.arch: &#039;amd64&#039;, os.version: &#039;6.3&#039;, java.version: &#039;1.8.0_101&#039;
Driver info: driver.version: ChromeDriver
remote stacktrace: Backtrace:
	Ordinal0 [0x006287E3+2852835]
	Ordinal0 [0x00515BB1+1727409]
	Ordinal0 [0x003EE4B9+517305]
	Ordinal0 [0x00380BA0+68512]
	Ordinal0 [0x0037D3A0+54176]
	Ordinal0 [0x0039D9F7+186871]
	Ordinal0 [0x0039D7FD+186365]
	Ordinal0 [0x0039B70B+177931]
	Ordinal0 [0x00382584+75140]
	Ordinal0 [0x00383650+79440]
	Ordinal0 [0x003835E9+79337]
	Ordinal0 [0x0052AD5C+1813852]
	GetHandleVerifier [0x0074C616+1075574]
	GetHandleVerifier [0x0074C367+1074887]
	GetHandleVerifier [0x00757497+1120247]
	GetHandleVerifier [0x0074CC16+1077110]
	Ordinal0 [0x00523206+1782278]
	Ordinal0 [0x0052C3BB+1819579]
	Ordinal0 [0x0052C523+1819939]
	Ordinal0 [0x00542B45+1911621]
	BaseThreadInitThunk [0x76D16A14+36]
	RtlInitializeExceptionChain [0x7707AD8F+143]
	RtlInitializeExceptionChain [0x7707AD5A+90]
">
      <![CDATA[org.openqa.selenium.SessionNotCreatedException: session not created: This version of ChromeDriver only supports Chrome version 84
Build info: version: '3.141.59', revision: 'e82be7d358', time: '2018-11-14T08:25:48'
System info: host: 'NIRMALA', ip: '192.168.43.196', os.name: 'Windows 8.1', os.arch: 'amd64', os.version: '6.3', java.version: '1.8.0_101'
Driver info: driver.version: ChromeDriver
remote stacktrace: Backtrace:
Ordinal0 [0x006287E3+2852835]
Ordinal0 [0x00515BB1+1727409]
Ordinal0 [0x003EE4B9+517305]
Ordinal0 [0x00380BA0+68512]
Ordinal0 [0x0037D3A0+54176]
Ordinal0 [0x0039D9F7+186871]
Ordinal0 [0x0039D7FD+186365]
Ordinal0 [0x0039B70B+177931]
Ordinal0 [0x00382584+75140]
Ordinal0 [0x00383650+79440]
Ordinal0 [0x003835E9+79337]
Ordinal0 [0x0052AD5C+1813852]
GetHandleVerifier [0x0074C616+1075574]
GetHandleVerifier [0x0074C367+1074887]
GetHandleVerifier [0x00757497+1120247]
GetHandleVerifier [0x0074CC16+1077110]
Ordinal0 [0x00523206+1782278]
Ordinal0 [0x0052C3BB+1819579]
Ordinal0 [0x0052C523+1819939]
Ordinal0 [0x00542B45+1911621]
BaseThreadInitThunk [0x76D16A14+36]
RtlInitializeExceptionChain [0x7707AD8F+143]
RtlInitializeExceptionChain [0x7707AD5A+90]

at sun.reflect.NativeConstructorAccessorImpl.newInstance0(Native Method)
at sun.reflect.NativeConstructorAccessorImpl.newInstance(Unknown Source)
at sun.reflect.DelegatingConstructorAccessorImpl.newInstance(Unknown Source)
at java.lang.reflect.Constructor.newInstance(Unknown Source)
at org.openqa.selenium.remote.W3CHandshakeResponse.lambda$errorHandler$0(W3CHandshakeResponse.java:62)
at org.openqa.selenium.remote.HandshakeResponse.lambda$getResponseFunction$0(HandshakeResponse.java:30)
at org.openqa.selenium.remote.ProtocolHandshake.lambda$createSession$0(ProtocolHandshake.java:126)
at java.util.stream.ReferencePipeline$3$1.accept(Unknown Source)
at java.util.Spliterators$ArraySpliterator.tryAdvance(Unknown Source)
at java.util.stream.ReferencePipeline.forEachWithCancel(Unknown Source)
at java.util.stream.AbstractPipeline.copyIntoWithCancel(Unknown Source)
at java.util.stream.AbstractPipeline.copyInto(Unknown Source)
at java.util.stream.AbstractPipeline.wrapAndCopyInto(Unknown Source)
at java.util.stream.FindOps$FindOp.evaluateSequential(Unknown Source)
at java.util.stream.AbstractPipeline.evaluate(Unknown Source)
at java.util.stream.ReferencePipeline.findFirst(Unknown Source)
at org.openqa.selenium.remote.ProtocolHandshake.createSession(ProtocolHandshake.java:128)
at org.openqa.selenium.remote.ProtocolHandshake.createSession(ProtocolHandshake.java:74)
at org.openqa.selenium.remote.HttpCommandExecutor.execute(HttpCommandExecutor.java:136)
at org.openqa.selenium.remote.service.DriverCommandExecutor.execute(DriverCommandExecutor.java:83)
at org.openqa.selenium.remote.RemoteWebDriver.execute(RemoteWebDriver.java:552)
at org.openqa.selenium.remote.RemoteWebDriver.startSession(RemoteWebDriver.java:213)
at org.openqa.selenium.remote.RemoteWebDriver.<init>(RemoteWebDriver.java:131)
at org.openqa.selenium.chrome.ChromeDriver.<init>(ChromeDriver.java:181)
at org.openqa.selenium.chrome.ChromeDriver.<init>(ChromeDriver.java:168)
at org.openqa.selenium.chrome.ChromeDriver.<init>(ChromeDriver.java:123)
at TestInterview.TestInterview.beforeMethod(TestInterview.java:27)
at sun.reflect.NativeMethodAccessorImpl.invoke0(Native Method)
at sun.reflect.NativeMethodAccessorImpl.invoke(Unknown Source)
at sun.reflect.DelegatingMethodAccessorImpl.invoke(Unknown Source)
at java.lang.reflect.Method.invoke(Unknown Source)
at org.testng.internal.MethodInvocationHelper.invokeMethod(MethodInvocationHelper.java:124)
at org.testng.internal.MethodInvocationHelper.invokeMethodConsideringTimeout(MethodInvocationHelper.java:59)
at org.testng.internal.Invoker.invokeConfigurationMethod(Invoker.java:458)
at org.testng.internal.Invoker.invokeConfigurations(Invoker.java:222)
at org.testng.internal.Invoker.invokeMethod(Invoker.java:523)
at org.testng.internal.Invoker.invokeTestMethod(Invoker.java:719)
at org.testng.internal.Invoker.invokeTestMethods(Invoker.java:989)
at org.testng.internal.TestMethodWorker.invokeTestMethods(TestMethodWorker.java:125)
at org.testng.internal.TestMethodWorker.run(TestMethodWorker.java:109)
at org.testng.TestRunner.privateRun(TestRunner.java:648)
at org.testng.TestRunner.run(TestRunner.java:505)
at org.testng.SuiteRunner.runTest(SuiteRunner.java:455)
at org.testng.SuiteRunner.runSequentially(SuiteRunner.java:450)
at org.testng.SuiteRunner.privateRun(SuiteRunner.java:415)
at org.testng.SuiteRunner.run(SuiteRunner.java:364)
at org.testng.SuiteRunnerWorker.runSuite(SuiteRunnerWorker.java:52)
at org.testng.SuiteRunnerWorker.run(SuiteRunnerWorker.java:84)
at org.testng.TestNG.runSuitesSequentially(TestNG.java:1208)
at org.testng.TestNG.runSuitesLocally(TestNG.java:1137)
at org.testng.TestNG.runSuites(TestNG.java:1049)
at org.testng.TestNG.run(TestNG.java:1017)
at org.testng.remote.AbstractRemoteTestNG.run(AbstractRemoteTestNG.java:114)
at org.testng.remote.RemoteTestNG.initAndRun(RemoteTestNG.java:251)
at org.testng.remote.RemoteTestNG.main(RemoteTestNG.java:77)
]]>
    </error>
  </testcase> <!-- beforeMethod -->
</testsuite> <!-- TestInterview.TestInterview -->
